proguard/seeds.txt
org.apache.http.Header
org.apache.http.Header: java.lang.String getName()
org.apache.http.Header: java.lang.String getValue()
org.apache.http.Header: org.apache.http.HeaderElement[] getElements()
org.apache.http.HeaderElement
org.apache.http.HeaderElement: java.lang.String getName()
org.apache.http.HeaderElement: java.lang.String getValue()
org.apache.http.HeaderElement: org.apache.http.NameValuePair[] getParameters()
org.apache.http.HeaderElement: org.apache.http.NameValuePair getParameterByName(java.lang.String)
org.apache.http.HeaderElement: int getParameterCount()
org.apache.http.HeaderElement: org.apache.http.NameValuePair getParameter(int)
org.apache.http.HeaderElementIterator
org.apache.http.HeaderElementIterator: boolean hasNext()
org.apache.http.HeaderElementIterator: org.apache.http.HeaderElement nextElement()
org.apache.http.HeaderIterator
org.apache.http.HeaderIterator: boolean hasNext()
org.apache.http.HeaderIterator: org.apache.http.Header nextHeader()
org.apache.http.HttpClientConnection
org.apache.http.HttpClientConnection: boolean isResponseAvailable(int)
org.apache.http.HttpClientConnection: void sendRequestHeader(org.apache.http.HttpRequest)
org.apache.http.HttpClientConnection: void sendRequestEntity(org.apache.http.HttpEntityEnclosingRequest)
org.apache.http.HttpClientConnection: org.apache.http.HttpResponse receiveResponseHeader()
org.apache.http.HttpClientConnection: void receiveResponseEntity(org.apache.http.HttpResponse)
org.apache.http.HttpClientConnection: void flush()
org.apache.http.HttpConnection
org.apache.http.HttpConnection: void close()
org.apache.http.HttpConnection: boolean isOpen()
org.apache.http.HttpConnection: boolean isStale()
org.apache.http.HttpConnection: void setSocketTimeout(int)
org.apache.http.HttpConnection: int getSocketTimeout()
org.apache.http.HttpConnection: void shutdown()
org.apache.http.HttpConnection: org.apache.http.HttpConnectionMetrics getMetrics()
org.apache.http.HttpConnectionMetrics
org.apache.http.HttpConnectionMetrics: long getRequestCount()
org.apache.http.HttpConnectionMetrics: long getResponseCount()
org.apache.http.HttpConnectionMetrics: long getSentBytesCount()
org.apache.http.HttpConnectionMetrics: long getReceivedBytesCount()
org.apache.http.HttpConnectionMetrics: java.lang.Object getMetric(java.lang.String)
org.apache.http.HttpConnectionMetrics: void reset()
org.apache.http.HttpEntity
org.apache.http.HttpEntity: boolean isRepeatable()
org.apache.http.HttpEntity: boolean isChunked()
org.apache.http.HttpEntity: long getContentLength()
org.apache.http.HttpEntity: org.apache.http.Header getContentType()
org.apache.http.HttpEntity: org.apache.http.Header getContentEncoding()
org.apache.http.HttpEntity: java.io.InputStream getContent()
org.apache.http.HttpEntity: void writeTo(java.io.OutputStream)
org.apache.http.HttpEntity: boolean isStreaming()
org.apache.http.HttpEntity: void consumeContent()
org.apache.http.HttpEntityEnclosingRequest
org.apache.http.HttpEntityEnclosingRequest: boolean expectContinue()
org.apache.http.HttpEntityEnclosingRequest: void setEntity(org.apache.http.HttpEntity)
org.apache.http.HttpEntityEnclosingRequest: org.apache.http.HttpEntity getEntity()
org.apache.http.HttpException
org.apache.http.HttpException: long serialVersionUID
org.apache.http.HttpException: HttpException()
org.apache.http.HttpException: HttpException(java.lang.String)
org.apache.http.HttpException: HttpException(java.lang.String,java.lang.Throwable)