proguard/mapping.txt
com.actionbarsherlock.view.SubMenu -> com.actionbarsherlock.view.SubMenu:
    com.actionbarsherlock.view.SubMenu setHeaderTitle(int) -> setHeaderTitle
    com.actionbarsherlock.view.SubMenu setHeaderTitle(java.lang.CharSequence) -> setHeaderTitle
    com.actionbarsherlock.view.SubMenu setHeaderIcon(int) -> setHeaderIcon
    com.actionbarsherlock.view.SubMenu setHeaderIcon(android.graphics.drawable.Drawable) -> setHeaderIcon
    com.actionbarsherlock.view.SubMenu setHeaderView(android.view.View) -> setHeaderView
    void clearHeader() -> clearHeader
    com.actionbarsherlock.view.SubMenu setIcon(int) -> setIcon
    com.actionbarsherlock.view.SubMenu setIcon(android.graphics.drawable.Drawable) -> setIcon
    com.actionbarsherlock.view.MenuItem getItem() -> getItem
com.actionbarsherlock.view.Window -> com.actionbarsherlock.view.Window:
    long FEATURE_ACTION_BAR -> FEATURE_ACTION_BAR
    long FEATURE_ACTION_BAR_OVERLAY -> FEATURE_ACTION_BAR_OVERLAY
    long FEATURE_ACTION_MODE_OVERLAY -> FEATURE_ACTION_MODE_OVERLAY
    long FEATURE_NO_TITLE -> FEATURE_NO_TITLE
    long FEATURE_PROGRESS -> FEATURE_PROGRESS
    long FEATURE_INDETERMINATE_PROGRESS -> FEATURE_INDETERMINATE_PROGRESS
com.actionbarsherlock.view.Window$Callback -> com.actionbarsherlock.view.Window$Callback:
    boolean onMenuItemSelected(int,com.actionbarsherlock.view.MenuItem) -> onMenuItemSelected
com.actionbarsherlock.widget.ActivityChooserModel -> com.actionbarsherlock.widget.ActivityChooserModel:
    boolean DEBUG -> DEBUG
    java.lang.String LOG_TAG -> LOG_TAG
    java.lang.String TAG_HISTORICAL_RECORDS -> TAG_HISTORICAL_RECORDS
    java.lang.String TAG_HISTORICAL_RECORD -> TAG_HISTORICAL_RECORD
    java.lang.String ATTRIBUTE_ACTIVITY -> ATTRIBUTE_ACTIVITY
    java.lang.String ATTRIBUTE_TIME -> ATTRIBUTE_TIME
    java.lang.String ATTRIBUTE_WEIGHT -> ATTRIBUTE_WEIGHT
    java.lang.String DEFAULT_HISTORY_FILE_NAME -> DEFAULT_HISTORY_FILE_NAME
    int DEFAULT_HISTORY_MAX_LENGTH -> DEFAULT_HISTORY_MAX_LENGTH
    int DEFAULT_ACTIVITY_INFLATION -> DEFAULT_ACTIVITY_INFLATION
    float DEFAULT_HISTORICAL_RECORD_WEIGHT -> DEFAULT_HISTORICAL_RECORD_WEIGHT
    java.lang.String HISTORY_FILE_EXTENSION -> HISTORY_FILE_EXTENSION
    int INVALID_INDEX -> INVALID_INDEX
    java.lang.Object sRegistryLock -> sRegistryLock
    java.util.Map sDataModelRegistry -> sDataModelRegistry
    java.lang.Object mInstanceLock -> mInstanceLock
    java.util.List mActivites -> mActivites
    java.util.List mHistoricalRecords -> mHistoricalRecords
    android.content.Context mContext -> mContext
    java.lang.String mHistoryFileName -> mHistoryFileName
    android.content.Intent mIntent -> mIntent
    com.actionbarsherlock.widget.ActivityChooserModel$ActivitySorter mActivitySorter -> mActivitySorter
    int mHistoryMaxSize -> mHistoryMaxSize
com.actionbarsherlock.widget.ActivityChooserModel$ActivityChooserModelClient -> com.actionbarsherlock.widget.ActivityChooserModel$ActivityChooserModelClient:
    void setActivityChooserModel(com.actionbarsherlock.widget.ActivityChooserModel) -> setActivityChooserModel
com.actionbarsherlock.widget.ActivityChooserModel$ActivityResolveInfo -> com.actionbarsherlock.widget.ActivityChooserModel$ActivityResolveInfo:
    android.content.pm.ResolveInfo resolveInfo -> resolveInfo
    float weight -> weight
    com.actionbarsherlock.widget.ActivityChooserModel this$0 -> this$0
    int hashCode() -> hashCode
    boolean equals(java.lang.Object) -> equals
    int compareTo(com.actionbarsherlock.widget.ActivityChooserModel$ActivityResolveInfo) -> compareTo
    java.lang.String toString() -> toString
    int compareTo(java.lang.Object) -> compareTo
com.actionbarsherlock.widget.ActivityChooserModel$ActivitySorter -> com.actionbarsherlock.widget.ActivityChooserModel$ActivitySorter:
    void sort(android.content.Intent,java.util.List,java.util.List) -> sort